<?xml version="1.0" encoding="UTF-8"?>
<!-- Generated by org.testng.reporters.JUnitXMLReporter -->
<testsuite ignored="0" hostname="LAPTOP-V7EREVV8" failures="0" tests="7" name="Default test" time="11.766" errors="0" timestamp="2022-07-27T10:12:55 IST">
  <testcase classname="swaglabstest.TestClass" name="blankPassword" time="0.691"/>
  <testcase classname="swaglabstest.TestClass" name="blankUsername" time="0.249"/>
  <testcase classname="swaglabstest.TestClass" name="verifyInvalidLogin" time="0.327"/>
  <testcase classname="swaglabstest.TestClass" name="verifyValidLogin" time="0.375"/>
  <testcase classname="swaglabstest.TestClass" name="verifyWebsiteURL" time="0.018"/>
  <testcase classname="swaglabstest.TestClass" name="wrongPassword" time="0.314"/>
  <testcase classname="swaglabstest.TestClass" name="wrongUsername" time="0.333"/>
</testsuite> <!-- Default test -->
