<?xml version="1.0" encoding="UTF-8"?>
<!-- Generated by org.testng.reporters.JUnitXMLReporter -->
<testsuite ignored="6" hostname="LAPTOP-V7EREVV8" failures="0" tests="1" name="Test" time="3.588" errors="0" timestamp="2022-07-27T10:11:45 IST">
  <testcase classname="swaglabstest.TestClass" name="verifyValidLogin" time="0.784"/>
  <testcase classname="swaglabstest.TestClass" name="blankPassword" time="0.0">
    <ignored/>
  </testcase> <!-- blankPassword -->
  <testcase classname="swaglabstest.TestClass" name="wrongPassword" time="0.0">
    <ignored/>
  </testcase> <!-- wrongPassword -->
  <testcase classname="swaglabstest.TestClass" name="verifyInvalidLogin" time="0.0">
    <ignored/>
  </testcase> <!-- verifyInvalidLogin -->
  <testcase classname="swaglabstest.TestClass" name="wrongUsername" time="0.0">
    <ignored/>
  </testcase> <!-- wrongUsername -->
  <testcase classname="swaglabstest.TestClass" name="blankUsername" time="0.0">
    <ignored/>
  </testcase> <!-- blankUsername -->
  <testcase classname="swaglabstest.TestClass" name="verifyWebsiteURL" time="0.0">
    <ignored/>
  </testcase> <!-- verifyWebsiteURL -->
</testsuite> <!-- Test -->
