<?xml version="1.0" encoding="UTF-8"?>
<testng-results ignored="0" total="7" passed="7" failed="0" skipped="0">
  <reporter-output>
  </reporter-output>
  <suite started-at="2022-07-27T10:12:43 IST" name="Default suite" finished-at="2022-07-27T10:12:55 IST" duration-ms="11766">
    <groups>
    </groups>
    <test started-at="2022-07-27T10:12:43 IST" name="Default test" finished-at="2022-07-27T10:12:55 IST" duration-ms="11766">
      <class name="swaglabstest.TestClass">
        <test-method is-config="true" signature="onSetup()[pri:0, instance:swaglabstest.TestClass@9597028]" started-at="2022-07-27T10:12:43 IST" name="onSetup" finished-at="2022-07-27T10:12:45 IST" duration-ms="1813" status="PASS">
          <reporter-output>
          </reporter-output>
        </test-method> <!-- onSetup -->
        <test-method signature="blankPassword()[pri:1, instance:swaglabstest.TestClass@9597028]" started-at="2022-07-27T10:12:45 IST" name="blankPassword" finished-at="2022-07-27T10:12:46 IST" duration-ms="691" status="PASS">
          <reporter-output>
          </reporter-output>
        </test-method> <!-- blankPassword -->
        <test-method is-config="true" signature="testEnd()[pri:0, instance:swaglabstest.TestClass@9597028]" started-at="2022-07-27T10:12:46 IST" name="testEnd" finished-at="2022-07-27T10:12:46 IST" duration-ms="65" status="PASS">
          <reporter-output>
          </reporter-output>
        </test-method> <!-- testEnd -->
        <test-method is-config="true" signature="onSetup()[pri:0, instance:swaglabstest.TestClass@9597028]" started-at="2022-07-27T10:12:46 IST" name="onSetup" finished-at="2022-07-27T10:12:47 IST" duration-ms="1104" status="PASS">
          <reporter-output>
          </reporter-output>
        </test-method> <!-- onSetup -->
        <test-method signature="blankUsername()[pri:1, instance:swaglabstest.TestClass@9597028]" started-at="2022-07-27T10:12:47 IST" name="blankUsername" finished-at="2022-07-27T10:12:47 IST" duration-ms="249" status="PASS">
          <reporter-output>
          </reporter-output>
        </test-method> <!-- blankUsername -->
        <test-method is-config="true" signature="testEnd()[pri:0, instance:swaglabstest.TestClass@9597028]" started-at="2022-07-27T10:12:47 IST" name="testEnd" finished-at="2022-07-27T10:12:47 IST" duration-ms="59" status="PASS">
          <reporter-output>
          </reporter-output>
        </test-method> <!-- testEnd -->
        <test-method is-config="true" signature="onSetup()[pri:0, instance:swaglabstest.TestClass@9597028]" started-at="2022-07-27T10:12:47 IST" name="onSetup" finished-at="2022-07-27T10:12:48 IST" duration-ms="1150" status="PASS">
          <reporter-output>
          </reporter-output>
        </test-method> <!-- onSetup -->
        <test-method signature="verifyInvalidLogin()[pri:1, instance:swaglabstest.TestClass@9597028]" started-at="2022-07-27T10:12:48 IST" name="verifyInvalidLogin" finished-at="2022-07-27T10:12:49 IST" duration-ms="327" status="PASS">
          <reporter-output>
          </reporter-output>
        </test-method> <!-- verifyInvalidLogin -->
        <test-method is-config="true" signature="testEnd()[pri:0, instance:swaglabstest.TestClass@9597028]" started-at="2022-07-27T10:12:49 IST" name="testEnd" finished-at="2022-07-27T10:12:49 IST" duration-ms="103" status="PASS">
          <reporter-output>
          </reporter-output>
        </test-method> <!-- testEnd -->
        <test-method is-config="true" signature="onSetup()[pri:0, instance:swaglabstest.TestClass@9597028]" started-at="2022-07-27T10:12:49 IST" name="onSetup" finished-at="2022-07-27T10:12:50 IST" duration-ms="1465" status="PASS">
          <reporter-output>
          </reporter-output>
        </test-method> <!-- onSetup -->
        <test-method signature="verifyValidLogin()[pri:1, instance:swaglabstest.TestClass@9597028]" started-at="2022-07-27T10:12:50 IST" name="verifyValidLogin" finished-at="2022-07-27T10:12:50 IST" duration-ms="375" status="PASS">
          <reporter-output>
          </reporter-output>
        </test-method> <!-- verifyValidLogin -->
        <test-method is-config="true" signature="testEnd()[pri:0, instance:swaglabstest.TestClass@9597028]" started-at="2022-07-27T10:12:50 IST" name="testEnd" finished-at="2022-07-27T10:12:51 IST" duration-ms="80" status="PASS">
          <reporter-output>
          </reporter-output>
        </test-method> <!-- testEnd -->
        <test-method is-config="true" signature="onSetup()[pri:0, instance:swaglabstest.TestClass@9597028]" started-at="2022-07-27T10:12:51 IST" name="onSetup" finished-at="2022-07-27T10:12:52 IST" duration-ms="1108" status="PASS">
          <reporter-output>
          </reporter-output>
        </test-method> <!-- onSetup -->
        <test-method signature="verifyWebsiteURL()[pri:1, instance:swaglabstest.TestClass@9597028]" started-at="2022-07-27T10:12:52 IST" name="verifyWebsiteURL" finished-at="2022-07-27T10:12:52 IST" duration-ms="18" status="PASS">
          <reporter-output>
          </reporter-output>
        </test-method> <!-- verifyWebsiteURL -->
        <test-method is-config="true" signature="testEnd()[pri:0, instance:swaglabstest.TestClass@9597028]" started-at="2022-07-27T10:12:52 IST" name="testEnd" finished-at="2022-07-27T10:12:52 IST" duration-ms="87" status="PASS">
          <reporter-output>
          </reporter-output>
        </test-method> <!-- testEnd -->
        <test-method is-config="true" signature="onSetup()[pri:0, instance:swaglabstest.TestClass@9597028]" started-at="2022-07-27T10:12:52 IST" name="onSetup" finished-at="2022-07-27T10:12:53 IST" duration-ms="1118" status="PASS">
          <reporter-output>
          </reporter-output>
        </test-method> <!-- onSetup -->
        <test-method signature="wrongPassword()[pri:1, instance:swaglabstest.TestClass@9597028]" started-at="2022-07-27T10:12:53 IST" name="wrongPassword" finished-at="2022-07-27T10:12:53 IST" duration-ms="314" status="PASS">
          <reporter-output>
          </reporter-output>
        </test-method> <!-- wrongPassword -->
        <test-method is-config="true" signature="testEnd()[pri:0, instance:swaglabstest.TestClass@9597028]" started-at="2022-07-27T10:12:53 IST" name="testEnd" finished-at="2022-07-27T10:12:53 IST" duration-ms="102" status="PASS">
          <reporter-output>
          </reporter-output>
        </test-method> <!-- testEnd -->
        <test-method is-config="true" signature="onSetup()[pri:0, instance:swaglabstest.TestClass@9597028]" started-at="2022-07-27T10:12:53 IST" name="onSetup" finished-at="2022-07-27T10:12:54 IST" duration-ms="1070" status="PASS">
          <reporter-output>
          </reporter-output>
        </test-method> <!-- onSetup -->
        <test-method signature="wrongUsername()[pri:1, instance:swaglabstest.TestClass@9597028]" started-at="2022-07-27T10:12:54 IST" name="wrongUsername" finished-at="2022-07-27T10:12:55 IST" duration-ms="333" status="PASS">
          <reporter-output>
          </reporter-output>
        </test-method> <!-- wrongUsername -->
        <test-method is-config="true" signature="testEnd()[pri:0, instance:swaglabstest.TestClass@9597028]" started-at="2022-07-27T10:12:55 IST" name="testEnd" finished-at="2022-07-27T10:12:55 IST" duration-ms="81" status="PASS">
          <reporter-output>
          </reporter-output>
        </test-method> <!-- testEnd -->
      </class> <!-- swaglabstest.TestClass -->
    </test> <!-- Default test -->
  </suite> <!-- Default suite -->
</testng-results>
